2018-06-28 19:18:30,493 INFO  Level: subTestStart
2018-06-28 19:18:30,493 INFO  Level: subTestStart
2018-06-28 19:18:30,493 INFO  Level: subTestEnd
2018-06-28 19:18:30,493 INFO  Level: subTestEnd
2018-06-28 19:18:30,493 INFO  Level: subTestStart
2018-06-28 19:18:30,493 INFO  Level: subTestEnd
2018-06-28 19:18:30,493 INFO  Level: subTestStart
2018-06-28 19:18:30,493 INFO  Level: subTestEnd
2018-06-28 19:18:30,556 INFO  Level: multTestStart
2018-06-28 19:18:30,556 INFO  Level: multTestStart
2018-06-28 19:18:30,556 INFO  Level: multTestEnd
2018-06-28 19:18:30,556 INFO  Level: multTestStart
2018-06-28 19:18:30,556 INFO  Level: multTestEnd
2018-06-28 19:18:30,556 INFO  Level: multTestStart
2018-06-28 19:18:30,556 INFO  Level: multTestEnd
2018-06-28 19:18:30,556 INFO  Level: multTestEnd
2018-06-28 19:18:30,556 INFO  Level: multTestStart
2018-06-28 19:18:30,556 INFO  Level: multTestStart
2018-06-28 19:18:30,556 INFO  Level: multTestEnd
2018-06-28 19:18:30,556 INFO  Level: multTestEnd
2018-06-28 19:18:30,556 INFO  Level: multTestStart
2018-06-28 19:18:30,556 INFO  Level: multTestStart
2018-06-28 19:18:30,556 INFO  Level: multTestEnd
2018-06-28 19:18:30,556 INFO  Level: multTestEnd
2018-06-28 19:18:30,556 INFO  Level: multTestStart
2018-06-28 19:18:30,556 INFO  Level: multTestEnd
2018-06-28 19:22:20,123 INFO  Level: subTestStart
2018-06-28 19:22:20,123 INFO  Level: subTestStart
2018-06-28 19:22:20,123 INFO  Level: subTestEnd
2018-06-28 19:22:20,123 INFO  Level: subTestEnd
2018-06-28 19:22:20,123 INFO  Level: subTestStart
2018-06-28 19:22:20,123 INFO  Level: subTestEnd
2018-06-28 19:22:20,123 INFO  Level: subTestStart
2018-06-28 19:22:20,123 INFO  Level: subTestEnd
2018-06-28 19:22:20,139 INFO  Level: multTestStart
2018-06-28 19:22:20,139 INFO  Level: multTestStart
2018-06-28 19:22:20,139 INFO  Level: multTestEnd
2018-06-28 19:22:20,139 INFO  Level: multTestStart
2018-06-28 19:22:20,139 INFO  Level: multTestEnd
2018-06-28 19:22:20,139 INFO  Level: multTestStart
2018-06-28 19:22:20,139 INFO  Level: multTestEnd
2018-06-28 19:22:20,139 INFO  Level: multTestEnd
2018-06-28 19:22:20,139 INFO  Level: multTestStart
2018-06-28 19:22:20,139 INFO  Level: multTestStart
2018-06-28 19:22:20,154 INFO  Level: multTestEnd
2018-06-28 19:22:20,154 INFO  Level: multTestStart
2018-06-28 19:22:20,154 INFO  Level: multTestEnd
2018-06-28 19:22:20,154 INFO  Level: multTestEnd
2018-06-28 19:22:20,154 INFO  Level: multTestStart
2018-06-28 19:22:20,154 INFO  Level: multTestEnd
2018-06-28 19:22:20,154 INFO  Level: multTestStart
2018-06-28 19:22:20,154 INFO  Level: multTestEnd
2018-06-28 19:36:43,097 INFO  Level: subTestStart
2018-06-28 19:36:43,081 INFO  Level: subTestStart
2018-06-28 19:36:43,097 INFO  Level: subTestEnd
2018-06-28 19:36:43,097 INFO  Level: subTestStart
2018-06-28 19:36:43,097 INFO  Level: subTestEnd
2018-06-28 19:36:43,097 INFO  Level: subTestStart
2018-06-28 19:36:43,097 INFO  Level: subTestEnd
2018-06-28 19:36:43,097 INFO  Level: subTestEnd
2018-06-28 19:36:43,113 INFO  Level: multTestStart
2018-06-28 19:36:43,113 INFO  Level: multTestStart
2018-06-28 19:36:43,113 INFO  Level: multTestEnd
2018-06-28 19:36:43,113 INFO  Level: multTestEnd
2018-06-28 19:36:43,113 INFO  Level: multTestStart
2018-06-28 19:36:43,128 INFO  Level: multTestStart
2018-06-28 19:36:43,128 INFO  Level: multTestEnd
2018-06-28 19:36:43,128 INFO  Level: multTestEnd
2018-06-28 19:36:43,128 INFO  Level: multTestStart
2018-06-28 19:36:43,128 INFO  Level: multTestStart
2018-06-28 19:36:43,128 INFO  Level: multTestEnd
2018-06-28 19:36:43,128 INFO  Level: multTestEnd
2018-06-28 19:36:43,128 INFO  Level: multTestStart
2018-06-28 19:36:43,144 INFO  Level: multTestEnd
2018-06-28 19:36:43,144 INFO  Level: multTestStart
2018-06-28 19:36:43,144 INFO  Level: multTestEnd
2018-06-28 19:36:43,144 INFO  Level: multTestStart
2018-06-28 19:36:43,144 INFO  Level: multTestEnd
2018-06-28 19:44:21,128 INFO  Level: powNegativeTestStart
2018-06-28 19:44:21,128 INFO  Level: powNegativeTestEnd
2018-06-28 19:44:21,128 INFO  Level: powNegativeTestStart
2018-06-28 19:44:21,128 INFO  Level: powNegativeTestEnd
2018-06-28 19:44:21,128 INFO  Level: powTestStart
2018-06-28 19:44:21,128 INFO  Level: powTestEnd
2018-06-28 19:44:21,144 INFO  Level: powTestStart
2018-06-28 19:44:21,144 INFO  Level: powTestEnd
2018-06-28 19:44:21,144 INFO  Level: powTestStart
2018-06-28 19:44:21,144 INFO  Level: powTestEnd
2018-06-28 19:44:21,144 INFO  Level: powTestStart
2018-06-28 19:44:21,144 INFO  Level: powTestEnd
2018-06-28 19:44:21,144 INFO  Level: powTestStart
2018-06-28 19:44:21,144 INFO  Level: powTestEnd
2018-06-28 19:44:21,144 INFO  Level: powTestStart
2018-06-28 19:44:21,144 INFO  Level: powTestEnd
2018-06-28 19:44:21,144 INFO  Level: powTestStart
2018-06-28 19:44:21,159 INFO  Level: powTestEnd
2018-06-28 19:44:21,159 INFO  Level: powTestStart
2018-06-28 19:44:21,159 INFO  Level: powTestEnd
2018-06-28 19:44:21,159 INFO  Level: sqrtTestStart
2018-06-28 19:44:21,175 INFO  Level: sqrtTestEnd
2018-06-28 19:44:21,175 INFO  Level: sqrtTestStart
2018-06-28 19:44:21,175 INFO  Level: sqrtTestEnd
2018-06-28 19:44:21,175 INFO  Level: sqrtTestStart
2018-06-28 19:44:21,175 INFO  Level: sqrtTestEnd
2018-06-28 19:44:21,175 INFO  Level: sqrtTestStart
2018-06-28 19:44:21,175 INFO  Level: sqrtTestEnd
2018-06-28 19:44:21,175 INFO  Level: sinTestStart
2018-06-28 19:44:21,175 INFO  Level: sinTestEnd
2018-06-28 19:44:21,175 INFO  Level: sinTestStart
2018-06-28 19:44:21,175 INFO  Level: sinTestEnd
2018-06-28 19:44:21,175 INFO  Level: sinTestStart
2018-06-28 19:44:21,175 INFO  Level: sinTestEnd
2018-06-28 19:44:21,175 INFO  Level: sinTestStart
2018-06-28 19:44:21,191 INFO  Level: sinTestEnd
2018-06-28 19:44:21,191 INFO  Level: sinTestStart
2018-06-28 19:44:21,191 INFO  Level: sinTestEnd
2018-06-28 19:44:21,191 INFO  Level: sinTestStart
2018-06-28 19:44:21,206 INFO  Level: sinTestEnd
2018-06-28 19:44:21,206 INFO  Level: tgTestStart
2018-06-28 19:44:21,206 INFO  Level: tgTestEnd
2018-06-28 19:44:21,206 INFO  Level: tgTestStart
2018-06-28 19:44:21,222 INFO  Level: tgTestEnd
2018-06-28 19:44:21,222 INFO  Level: tgTestStart
2018-06-28 19:44:21,222 INFO  Level: tgTestEnd
2018-06-28 19:44:21,222 INFO  Level: tgTestStart
2018-06-28 19:44:21,237 INFO  Level: tgTestEnd
2018-06-28 19:44:21,237 INFO  Level: ctgTestStart
2018-06-28 19:44:21,237 INFO  Level: ctgTestEnd
2018-06-28 19:44:21,237 INFO  Level: ctgTestStart
2018-06-28 19:44:21,253 INFO  Level: ctgTestEnd
2018-06-28 19:44:21,253 INFO  Level: ctgTestNegativeStart
2018-06-28 19:44:21,253 INFO  Level: ctgTestNegativeEnd
2018-06-28 19:44:21,253 INFO  Level: isPositiveTestStart
2018-06-28 19:44:21,253 INFO  Level: isPositiveTestEnd
2018-06-28 19:44:21,253 INFO  Level: isPositiveTestStart
2018-06-28 19:44:21,253 INFO  Level: isPositiveTestEnd
2018-06-28 19:44:21,253 INFO  Level: isPositiveTestStart
2018-06-28 19:44:21,253 INFO  Level: isPositiveTestEnd
2018-06-28 19:44:21,269 INFO  Level: isNegativeTestStart
2018-06-28 19:44:21,269 INFO  Level: isNegativeTestEnd
2018-06-28 19:44:21,269 INFO  Level: isNegativeTestStart
2018-06-28 19:44:21,269 INFO  Level: isNegativeTestEnd
2018-06-28 19:44:21,269 INFO  Level: isNegativeTestStart
2018-06-28 19:44:21,269 INFO  Level: isNegativeTestEnd
2018-06-28 19:48:02,763 INFO  Level: powNegativeTestStart
2018-06-28 19:48:02,779 INFO  Level: powNegativeTestEnd
2018-06-28 19:48:02,779 INFO  Level: powNegativeTestStart
2018-06-28 19:48:02,779 INFO  Level: powNegativeTestEnd
2018-06-28 19:48:02,779 INFO  Level: powTestStart
2018-06-28 19:48:02,779 INFO  Level: powTestEnd
2018-06-28 19:48:02,794 INFO  Level: powTestStart
2018-06-28 19:48:02,794 INFO  Level: powTestEnd
2018-06-28 19:48:02,794 INFO  Level: powTestStart
2018-06-28 19:48:02,794 INFO  Level: powTestEnd
2018-06-28 19:48:02,797 INFO  Level: powTestStart
2018-06-28 19:48:02,797 INFO  Level: powTestEnd
2018-06-28 19:48:02,798 INFO  Level: powTestStart
2018-06-28 19:48:02,798 INFO  Level: powTestEnd
2018-06-28 19:48:02,798 INFO  Level: powTestStart
2018-06-28 19:48:02,798 INFO  Level: powTestEnd
2018-06-28 19:48:02,798 INFO  Level: powTestStart
2018-06-28 19:48:02,814 INFO  Level: powTestEnd
2018-06-28 19:48:02,814 INFO  Level: powTestStart
2018-06-28 19:48:02,814 INFO  Level: powTestEnd
2018-06-28 19:48:02,814 INFO  Level: sqrtTestStart
2018-06-28 19:48:02,830 INFO  Level: sqrtTestEnd
2018-06-28 19:48:02,830 INFO  Level: sqrtTestStart
2018-06-28 19:48:02,830 INFO  Level: sqrtTestEnd
2018-06-28 19:48:02,830 INFO  Level: sqrtTestStart
2018-06-28 19:48:02,830 INFO  Level: sqrtTestEnd
2018-06-28 19:48:02,830 INFO  Level: sqrtTestStart
2018-06-28 19:48:02,830 INFO  Level: sqrtTestEnd
2018-06-28 19:48:02,830 INFO  Level: sinTestStart
2018-06-28 19:48:02,830 INFO  Level: sinTestEnd
2018-06-28 19:48:02,830 INFO  Level: sinTestStart
2018-06-28 19:48:02,830 INFO  Level: sinTestEnd
2018-06-28 19:48:02,830 INFO  Level: sinTestStart
2018-06-28 19:48:02,830 INFO  Level: sinTestEnd
2018-06-28 19:48:02,830 INFO  Level: sinTestStart
2018-06-28 19:48:02,845 INFO  Level: sinTestEnd
2018-06-28 19:48:02,845 INFO  Level: sinTestStart
2018-06-28 19:48:02,845 INFO  Level: sinTestEnd
2018-06-28 19:48:02,845 INFO  Level: sinTestStart
2018-06-28 19:48:02,861 INFO  Level: sinTestEnd
2018-06-28 19:48:02,861 INFO  Level: tgTestStart
2018-06-28 19:48:02,861 INFO  Level: tgTestEnd
2018-06-28 19:48:02,861 INFO  Level: tgTestStart
2018-06-28 19:48:02,877 INFO  Level: tgTestEnd
2018-06-28 19:48:02,877 INFO  Level: tgTestStart
2018-06-28 19:48:02,877 INFO  Level: tgTestEnd
2018-06-28 19:48:02,877 INFO  Level: tgTestStart
2018-06-28 19:48:02,892 INFO  Level: tgTestEnd
2018-06-28 19:48:02,892 INFO  Level: ctgTestStart
2018-06-28 19:48:02,892 INFO  Level: ctgTestEnd
2018-06-28 19:48:02,892 INFO  Level: ctgTestStart
2018-06-28 19:48:02,908 INFO  Level: ctgTestEnd
2018-06-28 19:48:02,908 INFO  Level: ctgTestNegativeStart
2018-06-28 19:48:02,908 INFO  Level: ctgTestNegativeEnd
2018-06-28 19:48:02,908 INFO  Level: isPositiveTestStart
2018-06-28 19:48:02,908 INFO  Level: isPositiveTestEnd
2018-06-28 19:48:02,908 INFO  Level: isPositiveTestStart
2018-06-28 19:48:02,908 INFO  Level: isPositiveTestEnd
2018-06-28 19:48:02,908 INFO  Level: isPositiveTestStart
2018-06-28 19:48:02,908 INFO  Level: isPositiveTestEnd
2018-06-28 19:48:02,924 INFO  Level: isNegativeTestStart
2018-06-28 19:48:02,924 INFO  Level: isNegativeTestEnd
2018-06-28 19:48:02,924 INFO  Level: isNegativeTestStart
2018-06-28 19:48:02,924 INFO  Level: isNegativeTestEnd
2018-06-28 19:48:02,924 INFO  Level: isNegativeTestStart
2018-06-28 19:48:02,924 INFO  Level: isNegativeTestEnd
2018-06-28 20:09:37,012 INFO  Level: powNegativeTestStart
2018-06-28 20:09:37,022 INFO  Level: powNegativeTestEnd
2018-06-28 20:09:37,023 INFO  Level: powNegativeTestStart
2018-06-28 20:09:37,023 INFO  Level: powNegativeTestEnd
2018-06-28 20:09:37,025 INFO  Level: powTestStart
2018-06-28 20:09:37,027 INFO  Level: powTestEnd
2018-06-28 20:09:37,027 INFO  Level: powTestStart
2018-06-28 20:09:37,028 INFO  Level: powTestEnd
2018-06-28 20:09:37,029 INFO  Level: powTestStart
2018-06-28 20:09:37,029 INFO  Level: powTestEnd
2018-06-28 20:09:37,030 INFO  Level: powTestStart
2018-06-28 20:09:37,031 INFO  Level: powTestEnd
2018-06-28 20:09:37,032 INFO  Level: powTestStart
2018-06-28 20:09:37,032 INFO  Level: powTestEnd
2018-06-28 20:09:37,032 INFO  Level: powTestStart
2018-06-28 20:09:37,035 INFO  Level: powTestEnd
2018-06-28 20:09:37,036 INFO  Level: powTestStart
2018-06-28 20:09:37,038 INFO  Level: powTestEnd
2018-06-28 20:09:37,038 INFO  Level: powTestStart
2018-06-28 20:09:37,045 INFO  Level: powTestEnd
2018-06-28 20:09:37,051 INFO  Level: sqrtTestStart
2018-06-28 20:09:37,052 INFO  Level: sqrtTestEnd
2018-06-28 20:09:37,053 INFO  Level: sqrtTestStart
2018-06-28 20:09:37,053 INFO  Level: sqrtTestEnd
2018-06-28 20:09:37,053 INFO  Level: sqrtTestStart
2018-06-28 20:09:37,054 INFO  Level: sqrtTestEnd
2018-06-28 20:09:37,054 INFO  Level: sqrtTestStart
2018-06-28 20:09:37,054 INFO  Level: sqrtTestEnd
2018-06-28 20:09:37,059 INFO  Level: sinTestStart
2018-06-28 20:09:37,059 INFO  Level: sinTestEnd
2018-06-28 20:09:37,060 INFO  Level: sinTestStart
2018-06-28 20:09:37,060 INFO  Level: sinTestEnd
2018-06-28 20:09:37,061 INFO  Level: sinTestStart
2018-06-28 20:09:37,061 INFO  Level: sinTestEnd
2018-06-28 20:09:37,063 INFO  Level: sinTestStart
2018-06-28 20:09:37,066 INFO  Level: sinTestEnd
2018-06-28 20:09:37,066 INFO  Level: sinTestStart
2018-06-28 20:09:37,071 INFO  Level: sinTestEnd
2018-06-28 20:09:37,071 INFO  Level: sinTestStart
2018-06-28 20:09:37,073 INFO  Level: sinTestEnd
2018-06-28 20:09:37,075 INFO  Level: tgTestStart
2018-06-28 20:09:37,077 INFO  Level: tgTestEnd
2018-06-28 20:09:37,077 INFO  Level: tgTestStart
2018-06-28 20:09:37,079 INFO  Level: tgTestEnd
2018-06-28 20:09:37,079 INFO  Level: tgTestStart
2018-06-28 20:09:37,081 INFO  Level: tgTestEnd
2018-06-28 20:09:37,082 INFO  Level: tgTestStart
2018-06-28 20:09:37,083 INFO  Level: tgTestEnd
2018-06-28 20:09:37,085 INFO  Level: ctgTestStart
2018-06-28 20:09:37,087 INFO  Level: ctgTestEnd
2018-06-28 20:09:37,087 INFO  Level: ctgTestStart
2018-06-28 20:09:37,088 INFO  Level: ctgTestEnd
2018-06-28 20:09:37,089 INFO  Level: ctgTestNegativeStart
2018-06-28 20:09:37,090 INFO  Level: ctgTestNegativeEnd
2018-06-28 20:09:37,092 INFO  Level: isPositiveTestStart
2018-06-28 20:09:37,093 INFO  Level: isPositiveTestEnd
2018-06-28 20:09:37,093 INFO  Level: isPositiveTestStart
2018-06-28 20:09:37,094 INFO  Level: isPositiveTestEnd
2018-06-28 20:09:37,094 INFO  Level: isPositiveTestStart
2018-06-28 20:09:37,094 INFO  Level: isPositiveTestEnd
2018-06-28 20:09:37,096 INFO  Level: isNegativeTestStart
2018-06-28 20:09:37,096 INFO  Level: isNegativeTestEnd
2018-06-28 20:09:37,097 INFO  Level: isNegativeTestStart
2018-06-28 20:09:37,097 INFO  Level: isNegativeTestEnd
2018-06-28 20:09:37,097 INFO  Level: isNegativeTestStart
2018-06-28 20:09:37,097 INFO  Level: isNegativeTestEnd
